2015-07-08 18:06:23,524 - Log4JLogChute initialized using file 'velocity.log'
2015-07-08 18:06:23,524 - Initializing Velocity, Calling init()...
2015-07-08 18:06:23,525 - Starting Apache Velocity v1.7 (compiled: 2010-11-19 12:14:37)
2015-07-08 18:06:23,525 - Default Properties File: org\apache\velocity\runtime\defaults\velocity.properties
2015-07-08 18:06:23,525 - Trying to use logger class org.apache.velocity.runtime.log.AvalonLogChute
2015-07-08 18:06:23,525 - Target log system for org.apache.velocity.runtime.log.AvalonLogChute is not available (java.lang.NoClassDefFoundError: org/apache/log/format/Formatter).  Falling back to next log system...
2015-07-08 18:06:23,525 - Trying to use logger class org.apache.velocity.runtime.log.Log4JLogChute
2015-07-08 18:06:23,525 - Using logger class org.apache.velocity.runtime.log.Log4JLogChute
2015-07-08 18:06:23,529 - ResourceLoader instantiated: org.apache.velocity.runtime.resource.loader.FileResourceLoader
2015-07-08 18:06:23,529 - Do unicode file recognition:  false
2015-07-08 18:06:23,530 - FileResourceLoader : adding path '.'
2015-07-08 18:06:23,539 - ResourceCache: initialized (class org.apache.velocity.runtime.resource.ResourceCacheImpl) with class java.util.Collections$SynchronizedMap cache map.
2015-07-08 18:06:23,540 - Loaded System Directive: org.apache.velocity.runtime.directive.Stop
2015-07-08 18:06:23,541 - Loaded System Directive: org.apache.velocity.runtime.directive.Define
2015-07-08 18:06:23,542 - Loaded System Directive: org.apache.velocity.runtime.directive.Break
2015-07-08 18:06:23,542 - Loaded System Directive: org.apache.velocity.runtime.directive.Evaluate
2015-07-08 18:06:23,543 - Loaded System Directive: org.apache.velocity.runtime.directive.Literal
2015-07-08 18:06:23,544 - Loaded System Directive: org.apache.velocity.runtime.directive.Macro
2015-07-08 18:06:23,545 - Loaded System Directive: org.apache.velocity.runtime.directive.Parse
2015-07-08 18:06:23,546 - Loaded System Directive: org.apache.velocity.runtime.directive.Include
2015-07-08 18:06:23,547 - Loaded System Directive: org.apache.velocity.runtime.directive.Foreach
2015-07-08 18:06:23,571 - Created '20' parsers.
2015-07-08 18:06:23,576 - Velocimacro : "velocimacro.library" is not set.  Trying default library: VM_global_library.vm
2015-07-08 18:06:23,576 - Velocimacro : Default library not found.
2015-07-08 18:06:23,576 - Velocimacro : allowInline = true : VMs can be defined inline in templates
2015-07-08 18:06:23,576 - Velocimacro : allowInlineToOverride = false : VMs defined inline may NOT replace previous VM definitions
2015-07-08 18:06:23,576 - Velocimacro : allowInlineLocal = false : VMs defined inline will be global in scope if allowed.
2015-07-08 18:06:23,577 - Velocimacro : autoload off : VM system will not automatically reload global library macros
2015-07-08 18:06:23,578 - ResourceManager : unable to find resource 'D://hellosite.vm' in any resource loader.
2015-07-08 18:07:41,317 - Log4JLogChute initialized using file 'velocity.log'
2015-07-08 18:07:41,317 - Initializing Velocity, Calling init()...
2015-07-08 18:07:41,317 - Starting Apache Velocity v1.7 (compiled: 2010-11-19 12:14:37)
2015-07-08 18:07:41,317 - Default Properties File: org\apache\velocity\runtime\defaults\velocity.properties
2015-07-08 18:07:41,317 - Trying to use logger class org.apache.velocity.runtime.log.AvalonLogChute
2015-07-08 18:07:41,317 - Target log system for org.apache.velocity.runtime.log.AvalonLogChute is not available (java.lang.NoClassDefFoundError: org/apache/log/format/Formatter).  Falling back to next log system...
2015-07-08 18:07:41,317 - Trying to use logger class org.apache.velocity.runtime.log.Log4JLogChute
2015-07-08 18:07:41,317 - Using logger class org.apache.velocity.runtime.log.Log4JLogChute
2015-07-08 18:07:41,321 - ResourceLoader instantiated: org.apache.velocity.runtime.resource.loader.FileResourceLoader
2015-07-08 18:07:41,322 - Do unicode file recognition:  false
2015-07-08 18:07:41,322 - FileResourceLoader : adding path '.'
2015-07-08 18:07:41,331 - ResourceCache: initialized (class org.apache.velocity.runtime.resource.ResourceCacheImpl) with class java.util.Collections$SynchronizedMap cache map.
2015-07-08 18:07:41,333 - Loaded System Directive: org.apache.velocity.runtime.directive.Stop
2015-07-08 18:07:41,334 - Loaded System Directive: org.apache.velocity.runtime.directive.Define
2015-07-08 18:07:41,334 - Loaded System Directive: org.apache.velocity.runtime.directive.Break
2015-07-08 18:07:41,335 - Loaded System Directive: org.apache.velocity.runtime.directive.Evaluate
2015-07-08 18:07:41,335 - Loaded System Directive: org.apache.velocity.runtime.directive.Literal
2015-07-08 18:07:41,336 - Loaded System Directive: org.apache.velocity.runtime.directive.Macro
2015-07-08 18:07:41,337 - Loaded System Directive: org.apache.velocity.runtime.directive.Parse
2015-07-08 18:07:41,338 - Loaded System Directive: org.apache.velocity.runtime.directive.Include
2015-07-08 18:07:41,339 - Loaded System Directive: org.apache.velocity.runtime.directive.Foreach
2015-07-08 18:07:41,362 - Created '20' parsers.
2015-07-08 18:07:41,368 - Velocimacro : "velocimacro.library" is not set.  Trying default library: VM_global_library.vm
2015-07-08 18:07:41,368 - Velocimacro : Default library not found.
2015-07-08 18:07:41,368 - Velocimacro : allowInline = true : VMs can be defined inline in templates
2015-07-08 18:07:41,368 - Velocimacro : allowInlineToOverride = false : VMs defined inline may NOT replace previous VM definitions
2015-07-08 18:07:41,368 - Velocimacro : allowInlineLocal = false : VMs defined inline will be global in scope if allowed.
2015-07-08 18:07:41,368 - Velocimacro : autoload off : VM system will not automatically reload global library macros
2015-07-08 18:07:41,369 - ResourceManager : unable to find resource 'D:\hellosite.vm' in any resource loader.
2015-07-08 18:13:54,172 - Log4JLogChute initialized using file 'velocity.log'
2015-07-08 18:13:54,172 - Initializing Velocity, Calling init()...
2015-07-08 18:13:54,172 - Starting Apache Velocity v1.7 (compiled: 2010-11-19 12:14:37)
2015-07-08 18:13:54,172 - Default Properties File: org\apache\velocity\runtime\defaults\velocity.properties
2015-07-08 18:13:54,172 - Trying to use logger class org.apache.velocity.runtime.log.AvalonLogChute
2015-07-08 18:13:54,172 - Target log system for org.apache.velocity.runtime.log.AvalonLogChute is not available (java.lang.NoClassDefFoundError: org/apache/log/format/Formatter).  Falling back to next log system...
2015-07-08 18:13:54,172 - Trying to use logger class org.apache.velocity.runtime.log.Log4JLogChute
2015-07-08 18:13:54,172 - Using logger class org.apache.velocity.runtime.log.Log4JLogChute
2015-07-08 18:13:54,175 - ResourceLoader instantiated: org.apache.velocity.runtime.resource.loader.FileResourceLoader
2015-07-08 18:13:54,176 - Do unicode file recognition:  false
2015-07-08 18:13:54,176 - FileResourceLoader : adding path '.'
2015-07-08 18:13:54,185 - ResourceCache: initialized (class org.apache.velocity.runtime.resource.ResourceCacheImpl) with class java.util.Collections$SynchronizedMap cache map.
2015-07-08 18:13:54,186 - Loaded System Directive: org.apache.velocity.runtime.directive.Stop
2015-07-08 18:13:54,187 - Loaded System Directive: org.apache.velocity.runtime.directive.Define
2015-07-08 18:13:54,187 - Loaded System Directive: org.apache.velocity.runtime.directive.Break
2015-07-08 18:13:54,188 - Loaded System Directive: org.apache.velocity.runtime.directive.Evaluate
2015-07-08 18:13:54,188 - Loaded System Directive: org.apache.velocity.runtime.directive.Literal
2015-07-08 18:13:54,189 - Loaded System Directive: org.apache.velocity.runtime.directive.Macro
2015-07-08 18:13:54,190 - Loaded System Directive: org.apache.velocity.runtime.directive.Parse
2015-07-08 18:13:54,191 - Loaded System Directive: org.apache.velocity.runtime.directive.Include
2015-07-08 18:13:54,192 - Loaded System Directive: org.apache.velocity.runtime.directive.Foreach
2015-07-08 18:13:54,214 - Created '20' parsers.
2015-07-08 18:13:54,219 - Velocimacro : "velocimacro.library" is not set.  Trying default library: VM_global_library.vm
2015-07-08 18:13:54,219 - Velocimacro : Default library not found.
2015-07-08 18:13:54,219 - Velocimacro : allowInline = true : VMs can be defined inline in templates
2015-07-08 18:13:54,219 - Velocimacro : allowInlineToOverride = false : VMs defined inline may NOT replace previous VM definitions
2015-07-08 18:13:54,219 - Velocimacro : allowInlineLocal = false : VMs defined inline will be global in scope if allowed.
2015-07-08 18:13:54,219 - Velocimacro : autoload off : VM system will not automatically reload global library macros
2015-07-08 18:13:54,220 - ResourceManager : unable to find resource 'com/hellosite.vm' in any resource loader.
2015-07-08 18:14:14,302 - Log4JLogChute initialized using file 'velocity.log'
2015-07-08 18:14:14,302 - Initializing Velocity, Calling init()...
2015-07-08 18:14:14,302 - Starting Apache Velocity v1.7 (compiled: 2010-11-19 12:14:37)
2015-07-08 18:14:14,302 - Default Properties File: org\apache\velocity\runtime\defaults\velocity.properties
2015-07-08 18:14:14,302 - Trying to use logger class org.apache.velocity.runtime.log.AvalonLogChute
2015-07-08 18:14:14,302 - Target log system for org.apache.velocity.runtime.log.AvalonLogChute is not available (java.lang.NoClassDefFoundError: org/apache/log/format/Formatter).  Falling back to next log system...
2015-07-08 18:14:14,302 - Trying to use logger class org.apache.velocity.runtime.log.Log4JLogChute
2015-07-08 18:14:14,302 - Using logger class org.apache.velocity.runtime.log.Log4JLogChute
2015-07-08 18:14:14,306 - ResourceLoader instantiated: org.apache.velocity.runtime.resource.loader.FileResourceLoader
2015-07-08 18:14:14,307 - Do unicode file recognition:  false
2015-07-08 18:14:14,307 - FileResourceLoader : adding path '.'
2015-07-08 18:14:14,316 - ResourceCache: initialized (class org.apache.velocity.runtime.resource.ResourceCacheImpl) with class java.util.Collections$SynchronizedMap cache map.
2015-07-08 18:14:14,317 - Loaded System Directive: org.apache.velocity.runtime.directive.Stop
2015-07-08 18:14:14,318 - Loaded System Directive: org.apache.velocity.runtime.directive.Define
2015-07-08 18:14:14,318 - Loaded System Directive: org.apache.velocity.runtime.directive.Break
2015-07-08 18:14:14,319 - Loaded System Directive: org.apache.velocity.runtime.directive.Evaluate
2015-07-08 18:14:14,319 - Loaded System Directive: org.apache.velocity.runtime.directive.Literal
2015-07-08 18:14:14,320 - Loaded System Directive: org.apache.velocity.runtime.directive.Macro
2015-07-08 18:14:14,321 - Loaded System Directive: org.apache.velocity.runtime.directive.Parse
2015-07-08 18:14:14,322 - Loaded System Directive: org.apache.velocity.runtime.directive.Include
2015-07-08 18:14:14,322 - Loaded System Directive: org.apache.velocity.runtime.directive.Foreach
2015-07-08 18:14:14,345 - Created '20' parsers.
2015-07-08 18:14:14,349 - Velocimacro : "velocimacro.library" is not set.  Trying default library: VM_global_library.vm
2015-07-08 18:14:14,349 - Velocimacro : Default library not found.
2015-07-08 18:14:14,349 - Velocimacro : allowInline = true : VMs can be defined inline in templates
2015-07-08 18:14:14,349 - Velocimacro : allowInlineToOverride = false : VMs defined inline may NOT replace previous VM definitions
2015-07-08 18:14:14,349 - Velocimacro : allowInlineLocal = false : VMs defined inline will be global in scope if allowed.
2015-07-08 18:14:14,349 - Velocimacro : autoload off : VM system will not automatically reload global library macros
2015-07-08 18:14:14,350 - ResourceManager : unable to find resource '/com/hellosite.vm' in any resource loader.
2015-07-08 18:14:47,757 - Log4JLogChute initialized using file 'velocity.log'
2015-07-08 18:14:47,757 - Initializing Velocity, Calling init()...
2015-07-08 18:14:47,757 - Starting Apache Velocity v1.7 (compiled: 2010-11-19 12:14:37)
2015-07-08 18:14:47,757 - Default Properties File: org\apache\velocity\runtime\defaults\velocity.properties
2015-07-08 18:14:47,757 - Trying to use logger class org.apache.velocity.runtime.log.AvalonLogChute
2015-07-08 18:14:47,757 - Target log system for org.apache.velocity.runtime.log.AvalonLogChute is not available (java.lang.NoClassDefFoundError: org/apache/log/format/Formatter).  Falling back to next log system...
2015-07-08 18:14:47,757 - Trying to use logger class org.apache.velocity.runtime.log.Log4JLogChute
2015-07-08 18:14:47,757 - Using logger class org.apache.velocity.runtime.log.Log4JLogChute
2015-07-08 18:14:47,761 - ResourceLoader instantiated: org.apache.velocity.runtime.resource.loader.FileResourceLoader
2015-07-08 18:14:47,762 - Do unicode file recognition:  false
2015-07-08 18:14:47,762 - FileResourceLoader : adding path '.'
2015-07-08 18:14:47,771 - ResourceCache: initialized (class org.apache.velocity.runtime.resource.ResourceCacheImpl) with class java.util.Collections$SynchronizedMap cache map.
2015-07-08 18:14:47,772 - Loaded System Directive: org.apache.velocity.runtime.directive.Stop
2015-07-08 18:14:47,773 - Loaded System Directive: org.apache.velocity.runtime.directive.Define
2015-07-08 18:14:47,773 - Loaded System Directive: org.apache.velocity.runtime.directive.Break
2015-07-08 18:14:47,774 - Loaded System Directive: org.apache.velocity.runtime.directive.Evaluate
2015-07-08 18:14:47,774 - Loaded System Directive: org.apache.velocity.runtime.directive.Literal
2015-07-08 18:14:47,775 - Loaded System Directive: org.apache.velocity.runtime.directive.Macro
2015-07-08 18:14:47,776 - Loaded System Directive: org.apache.velocity.runtime.directive.Parse
2015-07-08 18:14:47,777 - Loaded System Directive: org.apache.velocity.runtime.directive.Include
2015-07-08 18:14:47,777 - Loaded System Directive: org.apache.velocity.runtime.directive.Foreach
2015-07-08 18:14:47,799 - Created '20' parsers.
2015-07-08 18:14:47,804 - Velocimacro : "velocimacro.library" is not set.  Trying default library: VM_global_library.vm
2015-07-08 18:14:47,804 - Velocimacro : Default library not found.
2015-07-08 18:14:47,804 - Velocimacro : allowInline = true : VMs can be defined inline in templates
2015-07-08 18:14:47,804 - Velocimacro : allowInlineToOverride = false : VMs defined inline may NOT replace previous VM definitions
2015-07-08 18:14:47,804 - Velocimacro : allowInlineLocal = false : VMs defined inline will be global in scope if allowed.
2015-07-08 18:14:47,804 - Velocimacro : autoload off : VM system will not automatically reload global library macros
2015-07-08 18:14:47,805 - ResourceManager : unable to find resource 'hellosite.vm' in any resource loader.
2015-07-08 18:16:05,855 - Log4JLogChute initialized using file 'velocity.log'
2015-07-08 18:16:05,856 - Initializing Velocity, Calling init()...
2015-07-08 18:16:05,856 - Starting Apache Velocity v1.7 (compiled: 2010-11-19 12:14:37)
2015-07-08 18:16:05,856 - Default Properties File: org\apache\velocity\runtime\defaults\velocity.properties
2015-07-08 18:16:05,856 - Trying to use logger class org.apache.velocity.runtime.log.AvalonLogChute
2015-07-08 18:16:05,856 - Target log system for org.apache.velocity.runtime.log.AvalonLogChute is not available (java.lang.NoClassDefFoundError: org/apache/log/format/Formatter).  Falling back to next log system...
2015-07-08 18:16:05,856 - Trying to use logger class org.apache.velocity.runtime.log.Log4JLogChute
2015-07-08 18:16:05,856 - Using logger class org.apache.velocity.runtime.log.Log4JLogChute
2015-07-08 18:16:05,860 - ResourceLoader instantiated: org.apache.velocity.runtime.resource.loader.FileResourceLoader
2015-07-08 18:16:05,860 - Do unicode file recognition:  false
2015-07-08 18:16:05,860 - FileResourceLoader : adding path '.'
2015-07-08 18:16:05,870 - ResourceCache: initialized (class org.apache.velocity.runtime.resource.ResourceCacheImpl) with class java.util.Collections$SynchronizedMap cache map.
2015-07-08 18:16:05,871 - Loaded System Directive: org.apache.velocity.runtime.directive.Stop
2015-07-08 18:16:05,872 - Loaded System Directive: org.apache.velocity.runtime.directive.Define
2015-07-08 18:16:05,873 - Loaded System Directive: org.apache.velocity.runtime.directive.Break
2015-07-08 18:16:05,873 - Loaded System Directive: org.apache.velocity.runtime.directive.Evaluate
2015-07-08 18:16:05,874 - Loaded System Directive: org.apache.velocity.runtime.directive.Literal
2015-07-08 18:16:05,875 - Loaded System Directive: org.apache.velocity.runtime.directive.Macro
2015-07-08 18:16:05,876 - Loaded System Directive: org.apache.velocity.runtime.directive.Parse
2015-07-08 18:16:05,877 - Loaded System Directive: org.apache.velocity.runtime.directive.Include
2015-07-08 18:16:05,877 - Loaded System Directive: org.apache.velocity.runtime.directive.Foreach
2015-07-08 18:16:05,901 - Created '20' parsers.
2015-07-08 18:16:05,906 - Velocimacro : "velocimacro.library" is not set.  Trying default library: VM_global_library.vm
2015-07-08 18:16:05,906 - Velocimacro : Default library not found.
2015-07-08 18:16:05,906 - Velocimacro : allowInline = true : VMs can be defined inline in templates
2015-07-08 18:16:05,906 - Velocimacro : allowInlineToOverride = false : VMs defined inline may NOT replace previous VM definitions
2015-07-08 18:16:05,906 - Velocimacro : allowInlineLocal = false : VMs defined inline will be global in scope if allowed.
2015-07-08 18:16:05,906 - Velocimacro : autoload off : VM system will not automatically reload global library macros
2015-07-08 18:16:16,102 - ResourceManager : unable to find resource 'hellosite.vm' in any resource loader.
2015-07-08 18:17:06,262 - Log4JLogChute initialized using file 'velocity.log'
2015-07-08 18:17:06,262 - Initializing Velocity, Calling init()...
2015-07-08 18:17:06,262 - Starting Apache Velocity v1.7 (compiled: 2010-11-19 12:14:37)
2015-07-08 18:17:06,262 - Default Properties File: org\apache\velocity\runtime\defaults\velocity.properties
2015-07-08 18:17:06,262 - Trying to use logger class org.apache.velocity.runtime.log.AvalonLogChute
2015-07-08 18:17:06,262 - Target log system for org.apache.velocity.runtime.log.AvalonLogChute is not available (java.lang.NoClassDefFoundError: org/apache/log/format/Formatter).  Falling back to next log system...
2015-07-08 18:17:06,262 - Trying to use logger class org.apache.velocity.runtime.log.Log4JLogChute
2015-07-08 18:17:06,262 - Using logger class org.apache.velocity.runtime.log.Log4JLogChute
2015-07-08 18:17:06,265 - ResourceLoader instantiated: org.apache.velocity.runtime.resource.loader.FileResourceLoader
2015-07-08 18:17:06,267 - Do unicode file recognition:  false
2015-07-08 18:17:06,267 - FileResourceLoader : adding path '.'
2015-07-08 18:17:06,275 - ResourceCache: initialized (class org.apache.velocity.runtime.resource.ResourceCacheImpl) with class java.util.Collections$SynchronizedMap cache map.
2015-07-08 18:17:06,277 - Loaded System Directive: org.apache.velocity.runtime.directive.Stop
2015-07-08 18:17:06,277 - Loaded System Directive: org.apache.velocity.runtime.directive.Define
2015-07-08 18:17:06,278 - Loaded System Directive: org.apache.velocity.runtime.directive.Break
2015-07-08 18:17:06,278 - Loaded System Directive: org.apache.velocity.runtime.directive.Evaluate
2015-07-08 18:17:06,279 - Loaded System Directive: org.apache.velocity.runtime.directive.Literal
2015-07-08 18:17:06,280 - Loaded System Directive: org.apache.velocity.runtime.directive.Macro
2015-07-08 18:17:06,281 - Loaded System Directive: org.apache.velocity.runtime.directive.Parse
2015-07-08 18:17:06,281 - Loaded System Directive: org.apache.velocity.runtime.directive.Include
2015-07-08 18:17:06,282 - Loaded System Directive: org.apache.velocity.runtime.directive.Foreach
2015-07-08 18:17:06,304 - Created '20' parsers.
2015-07-08 18:17:06,309 - Velocimacro : "velocimacro.library" is not set.  Trying default library: VM_global_library.vm
2015-07-08 18:17:06,309 - Velocimacro : Default library not found.
2015-07-08 18:17:06,309 - Velocimacro : allowInline = true : VMs can be defined inline in templates
2015-07-08 18:17:06,309 - Velocimacro : allowInlineToOverride = false : VMs defined inline may NOT replace previous VM definitions
2015-07-08 18:17:06,309 - Velocimacro : allowInlineLocal = false : VMs defined inline will be global in scope if allowed.
2015-07-08 18:17:06,309 - Velocimacro : autoload off : VM system will not automatically reload global library macros
2015-07-08 18:17:06,310 - ResourceManager : unable to find resource 'hellosite.vm' in any resource loader.
2015-07-08 18:17:47,829 - Log4JLogChute initialized using file 'velocity.log'
2015-07-08 18:17:47,829 - Initializing Velocity, Calling init()...
2015-07-08 18:17:47,829 - Starting Apache Velocity v1.7 (compiled: 2010-11-19 12:14:37)
2015-07-08 18:17:47,829 - Default Properties File: org\apache\velocity\runtime\defaults\velocity.properties
2015-07-08 18:17:47,829 - Trying to use logger class org.apache.velocity.runtime.log.AvalonLogChute
2015-07-08 18:17:47,829 - Target log system for org.apache.velocity.runtime.log.AvalonLogChute is not available (java.lang.NoClassDefFoundError: org/apache/log/format/Formatter).  Falling back to next log system...
2015-07-08 18:17:47,829 - Trying to use logger class org.apache.velocity.runtime.log.Log4JLogChute
2015-07-08 18:17:47,829 - Using logger class org.apache.velocity.runtime.log.Log4JLogChute
2015-07-08 18:17:47,833 - ResourceLoader instantiated: org.apache.velocity.runtime.resource.loader.FileResourceLoader
2015-07-08 18:17:47,833 - Do unicode file recognition:  false
2015-07-08 18:17:47,833 - FileResourceLoader : adding path '.'
2015-07-08 18:17:47,842 - ResourceCache: initialized (class org.apache.velocity.runtime.resource.ResourceCacheImpl) with class java.util.Collections$SynchronizedMap cache map.
2015-07-08 18:17:47,843 - Loaded System Directive: org.apache.velocity.runtime.directive.Stop
2015-07-08 18:17:47,844 - Loaded System Directive: org.apache.velocity.runtime.directive.Define
2015-07-08 18:17:47,845 - Loaded System Directive: org.apache.velocity.runtime.directive.Break
2015-07-08 18:17:47,845 - Loaded System Directive: org.apache.velocity.runtime.directive.Evaluate
2015-07-08 18:17:47,846 - Loaded System Directive: org.apache.velocity.runtime.directive.Literal
2015-07-08 18:17:47,846 - Loaded System Directive: org.apache.velocity.runtime.directive.Macro
2015-07-08 18:17:47,847 - Loaded System Directive: org.apache.velocity.runtime.directive.Parse
2015-07-08 18:17:47,848 - Loaded System Directive: org.apache.velocity.runtime.directive.Include
2015-07-08 18:17:47,849 - Loaded System Directive: org.apache.velocity.runtime.directive.Foreach
2015-07-08 18:17:47,871 - Created '20' parsers.
2015-07-08 18:17:47,875 - Velocimacro : "velocimacro.library" is not set.  Trying default library: VM_global_library.vm
2015-07-08 18:17:47,875 - Velocimacro : Default library not found.
2015-07-08 18:17:47,875 - Velocimacro : allowInline = true : VMs can be defined inline in templates
2015-07-08 18:17:47,875 - Velocimacro : allowInlineToOverride = false : VMs defined inline may NOT replace previous VM definitions
2015-07-08 18:17:47,875 - Velocimacro : allowInlineLocal = false : VMs defined inline will be global in scope if allowed.
2015-07-08 18:17:47,876 - Velocimacro : autoload off : VM system will not automatically reload global library macros
2015-07-08 18:17:47,876 - ResourceManager : unable to find resource 'hellosite.vm' in any resource loader.
2015-07-08 18:18:07,985 - Log4JLogChute initialized using file 'velocity.log'
2015-07-08 18:18:07,985 - Initializing Velocity, Calling init()...
2015-07-08 18:18:07,985 - Starting Apache Velocity v1.7 (compiled: 2010-11-19 12:14:37)
2015-07-08 18:18:07,985 - Default Properties File: org\apache\velocity\runtime\defaults\velocity.properties
2015-07-08 18:18:07,985 - Trying to use logger class org.apache.velocity.runtime.log.AvalonLogChute
2015-07-08 18:18:07,986 - Target log system for org.apache.velocity.runtime.log.AvalonLogChute is not available (java.lang.NoClassDefFoundError: org/apache/log/format/Formatter).  Falling back to next log system...
2015-07-08 18:18:07,986 - Trying to use logger class org.apache.velocity.runtime.log.Log4JLogChute
2015-07-08 18:18:07,986 - Using logger class org.apache.velocity.runtime.log.Log4JLogChute
2015-07-08 18:18:07,990 - ResourceLoader instantiated: org.apache.velocity.runtime.resource.loader.FileResourceLoader
2015-07-08 18:18:07,990 - Do unicode file recognition:  false
2015-07-08 18:18:07,990 - FileResourceLoader : adding path '.'
2015-07-08 18:18:08,000 - ResourceCache: initialized (class org.apache.velocity.runtime.resource.ResourceCacheImpl) with class java.util.Collections$SynchronizedMap cache map.
2015-07-08 18:18:08,002 - Loaded System Directive: org.apache.velocity.runtime.directive.Stop
2015-07-08 18:18:08,003 - Loaded System Directive: org.apache.velocity.runtime.directive.Define
2015-07-08 18:18:08,004 - Loaded System Directive: org.apache.velocity.runtime.directive.Break
2015-07-08 18:18:08,004 - Loaded System Directive: org.apache.velocity.runtime.directive.Evaluate
2015-07-08 18:18:08,005 - Loaded System Directive: org.apache.velocity.runtime.directive.Literal
2015-07-08 18:18:08,006 - Loaded System Directive: org.apache.velocity.runtime.directive.Macro
2015-07-08 18:18:08,007 - Loaded System Directive: org.apache.velocity.runtime.directive.Parse
2015-07-08 18:18:08,008 - Loaded System Directive: org.apache.velocity.runtime.directive.Include
2015-07-08 18:18:08,009 - Loaded System Directive: org.apache.velocity.runtime.directive.Foreach
2015-07-08 18:18:08,033 - Created '20' parsers.
2015-07-08 18:18:08,038 - Velocimacro : "velocimacro.library" is not set.  Trying default library: VM_global_library.vm
2015-07-08 18:18:08,038 - Velocimacro : Default library not found.
2015-07-08 18:18:08,038 - Velocimacro : allowInline = true : VMs can be defined inline in templates
2015-07-08 18:18:08,038 - Velocimacro : allowInlineToOverride = false : VMs defined inline may NOT replace previous VM definitions
2015-07-08 18:18:08,038 - Velocimacro : allowInlineLocal = false : VMs defined inline will be global in scope if allowed.
2015-07-08 18:18:08,039 - Velocimacro : autoload off : VM system will not automatically reload global library macros
2015-07-08 18:21:06,071 - ResourceManager : unable to find resource 'hellosite.vm' in any resource loader.
